<?xml version="1.0" encoding="UTF-8"?>
<coverage generated="1740712612482" clover="3.2.0">
  <project timestamp="1740712612482" name="All files">
    <metrics statements="102" coveredstatements="99" conditionals="31" coveredconditionals="24" methods="26" coveredmethods="25" elements="159" coveredelements="148" complexity="0" loc="102" ncloc="102" packages="1" files="3" classes="3"/>
    <file name="errors.ts" path="C:\Users\samue\OneDrive\Documents\Coding\robinhood-solana\solana-api-toolkit\packages\core\src\errors.ts">
      <metrics statements="22" coveredstatements="22" conditionals="2" coveredconditionals="2" methods="6" coveredmethods="6"/>
      <line num="4" count="2" type="stmt"/>
      <line num="6" count="19" type="stmt"/>
      <line num="7" count="19" type="stmt"/>
      <line num="14" count="2" type="stmt"/>
      <line num="19" count="16" type="stmt"/>
      <line num="20" count="16" type="stmt"/>
      <line num="21" count="16" type="stmt"/>
      <line num="22" count="16" type="stmt"/>
      <line num="29" count="2" type="stmt"/>
      <line num="33" count="3" type="stmt"/>
      <line num="34" count="3" type="stmt"/>
      <line num="35" count="3" type="stmt"/>
      <line num="42" count="2" type="stmt"/>
      <line num="44" count="2" type="stmt"/>
      <line num="45" count="2" type="stmt"/>
      <line num="52" count="2" type="stmt"/>
      <line num="54" count="2" type="stmt"/>
      <line num="55" count="2" type="stmt"/>
      <line num="62" count="2" type="stmt"/>
      <line num="66" count="2" type="cond" truecount="2" falsecount="0"/>
      <line num="67" count="2" type="stmt"/>
      <line num="68" count="2" type="stmt"/>
    </file>
    <file name="http.ts" path="C:\Users\samue\OneDrive\Documents\Coding\robinhood-solana\solana-api-toolkit\packages\core\src\http.ts">
      <metrics statements="55" coveredstatements="52" conditionals="26" coveredconditionals="19" methods="10" coveredmethods="9"/>
      <line num="1" count="1" type="stmt"/>
      <line num="2" count="1" type="stmt"/>
      <line num="4" count="1" type="stmt"/>
      <line num="14" count="1" type="stmt"/>
      <line num="17" count="9" type="stmt"/>
      <line num="20" count="9" type="stmt"/>
      <line num="26" count="9" type="stmt"/>
      <line num="44" count="8" type="cond" truecount="1" falsecount="0"/>
      <line num="45" count="1" type="stmt"/>
      <line num="48" count="7" type="stmt"/>
      <line num="51" count="0" type="stmt"/>
      <line num="55" count="7" type="stmt"/>
      <line num="56" count="7" type="stmt"/>
      <line num="57" count="7" type="stmt"/>
      <line num="58" count="7" type="stmt"/>
      <line num="63" count="2" type="stmt"/>
      <line num="64" count="2" type="stmt"/>
      <line num="66" count="5" type="cond" truecount="1" falsecount="0"/>
      <line num="67" count="4" type="stmt"/>
      <line num="69" count="1" type="stmt"/>
      <line num="73" count="2" type="stmt"/>
      <line num="75" count="5" type="cond" truecount="0" falsecount="1"/>
      <line num="76" count="0" type="stmt"/>
      <line num="78" count="5" type="cond" truecount="0" falsecount="1"/>
      <line num="79" count="0" type="stmt"/>
      <line num="82" count="5" type="cond" truecount="1" falsecount="1"/>
      <line num="83" count="5" type="stmt"/>
      <line num="91" count="4" type="stmt"/>
      <line num="93" count="4" type="cond" truecount="1" falsecount="0"/>
      <line num="94" count="1" type="cond" truecount="1" falsecount="1"/>
      <line num="95" count="1" type="stmt"/>
      <line num="98" count="3" type="cond" truecount="3" falsecount="0"/>
      <line num="99" count="1" type="stmt"/>
      <line num="102" count="2" type="cond" truecount="1" falsecount="0"/>
      <line num="103" count="1" type="stmt"/>
      <line num="106" count="1" type="stmt"/>
      <line num="145" count="8" type="stmt"/>
      <line num="152" count="1" type="stmt"/>
      <line num="153" count="13" type="stmt"/>
      <line num="154" count="13" type="stmt"/>
      <line num="155" count="13" type="stmt"/>
      <line num="158" count="13" type="cond" truecount="1" falsecount="0"/>
      <line num="159" count="13" type="cond" truecount="1" falsecount="0"/>
      <line num="163" count="3" type="stmt"/>
      <line num="164" count="3" type="stmt"/>
      <line num="168" count="19" type="stmt"/>
      <line num="169" count="19" type="stmt"/>
      <line num="171" count="19" type="cond" truecount="1" falsecount="0"/>
      <line num="172" count="3" type="stmt"/>
      <line num="175" count="19" type="stmt"/>
      <line num="179" count="13" type="cond" truecount="1" falsecount="0"/>
      <line num="182" count="4" type="cond" truecount="1" falsecount="0"/>
      <line num="183" count="1" type="stmt"/>
      <line num="184" count="1" type="stmt"/>
      <line num="187" count="3" type="stmt"/>
    </file>
    <file name="utils.ts" path="C:\Users\samue\OneDrive\Documents\Coding\robinhood-solana\solana-api-toolkit\packages\core\src\utils.ts">
      <metrics statements="25" coveredstatements="25" conditionals="3" coveredconditionals="3" methods="10" coveredmethods="10"/>
      <line num="1" count="2" type="stmt"/>
      <line num="6" count="2" type="stmt"/>
      <line num="7" count="6" type="stmt"/>
      <line num="8" count="6" type="stmt"/>
      <line num="9" count="3" type="stmt"/>
      <line num="11" count="3" type="stmt"/>
      <line num="18" count="2" type="stmt"/>
      <line num="19" count="11" type="stmt"/>
      <line num="25" count="18" type="stmt"/>
      <line num="26" count="18" type="cond" truecount="1" falsecount="0"/>
      <line num="28" count="10" type="cond" truecount="1" falsecount="0"/>
      <line num="29" count="2" type="stmt"/>
      <line num="30" count="2" type="stmt"/>
      <line num="33" count="8" type="stmt"/>
      <line num="40" count="11" type="stmt"/>
      <line num="50" count="2" type="stmt"/>
      <line num="57" count="2" type="stmt"/>
      <line num="64" count="2" type="cond" truecount="1" falsecount="0"/>
      <line num="65" count="7" type="stmt"/>
      <line num="74" count="2" type="stmt"/>
      <line num="75" count="6" type="stmt"/>
      <line num="81" count="2" type="stmt"/>
      <line num="82" count="8" type="stmt"/>
      <line num="88" count="2" type="stmt"/>
      <line num="89" count="6" type="stmt"/>
    </file>
  </project>
</coverage>
