{"C:\\Users\\samue\\OneDrive\\Documents\\Coding\\robinhood-solana\\solana-api-toolkit\\packages\\core\\src\\errors.ts": {"path":"C:\\Users\\samue\\OneDrive\\Documents\\Coding\\robinhood-solana\\solana-api-toolkit\\packages\\core\\src\\errors.ts","statementMap":{"0":{"start":{"line":6,"column":8},"end":{"line":6,"column":23}},"1":{"start":{"line":7,"column":8},"end":{"line":7,"column":38}},"2":{"start":{"line":4,"column":0},"end":{"line":4,"column":13}},"3":{"start":{"line":19,"column":8},"end":{"line":19,"column":61}},"4":{"start":{"line":20,"column":8},"end":{"line":20,"column":38}},"5":{"start":{"line":21,"column":8},"end":{"line":21,"column":33}},"6":{"start":{"line":22,"column":8},"end":{"line":22,"column":37}},"7":{"start":{"line":14,"column":0},"end":{"line":14,"column":13}},"8":{"start":{"line":33,"column":8},"end":{"line":33,"column":52}},"9":{"start":{"line":34,"column":8},"end":{"line":34,"column":37}},"10":{"start":{"line":35,"column":8},"end":{"line":35,"column":37}},"11":{"start":{"line":29,"column":0},"end":{"line":29,"column":13}},"12":{"start":{"line":44,"column":8},"end":{"line":44,"column":54}},"13":{"start":{"line":45,"column":8},"end":{"line":45,"column":42}},"14":{"start":{"line":42,"column":0},"end":{"line":42,"column":13}},"15":{"start":{"line":54,"column":8},"end":{"line":54,"column":64}},"16":{"start":{"line":55,"column":8},"end":{"line":55,"column":36}},"17":{"start":{"line":52,"column":0},"end":{"line":52,"column":13}},"18":{"start":{"line":66,"column":8},"end":{"line":66,"column":75}},"19":{"start":{"line":67,"column":8},"end":{"line":67,"column":38}},"20":{"start":{"line":68,"column":8},"end":{"line":68,"column":27}},"21":{"start":{"line":62,"column":0},"end":{"line":62,"column":13}}},"fnMap":{"0":{"name":"(anonymous_0)","decl":{"start":{"line":5,"column":4},"end":{"line":5,"column":16}},"loc":{"start":{"line":5,"column":31},"end":{"line":8,"column":5}}},"1":{"name":"(anonymous_1)","decl":{"start":{"line":18,"column":4},"end":{"line":18,"column":16}},"loc":{"start":{"line":18,"column":70},"end":{"line":23,"column":5}}},"2":{"name":"(anonymous_2)","decl":{"start":{"line":32,"column":4},"end":{"line":32,"column":16}},"loc":{"start":{"line":32,"column":53},"end":{"line":36,"column":5}}},"3":{"name":"(anonymous_3)","decl":{"start":{"line":43,"column":4},"end":{"line":43,"column":16}},"loc":{"start":{"line":43,"column":32},"end":{"line":46,"column":5}}},"4":{"name":"(anonymous_4)","decl":{"start":{"line":53,"column":4},"end":{"line":53,"column":16}},"loc":{"start":{"line":53,"column":50},"end":{"line":56,"column":5}}},"5":{"name":"(anonymous_5)","decl":{"start":{"line":65,"column":4},"end":{"line":65,"column":16}},"loc":{"start":{"line":65,"column":47},"end":{"line":69,"column":5}}}},"branchMap":{"0":{"loc":{"start":{"line":66,"column":33},"end":{"line":66,"column":59}},"type":"cond-expr","locations":[{"start":{"line":66,"column":41},"end":{"line":66,"column":54}},{"start":{"line":66,"column":57},"end":{"line":66,"column":59}}]}},"s":{"0":9,"1":9,"2":1,"3":6,"4":6,"5":6,"6":6,"7":1,"8":2,"9":2,"10":2,"11":1,"12":1,"13":1,"14":1,"15":1,"16":1,"17":1,"18":2,"19":2,"20":2,"21":1},"f":{"0":9,"1":6,"2":2,"3":1,"4":1,"5":2},"b":{"0":[1,1]}}
,"C:\\Users\\samue\\OneDrive\\Documents\\Coding\\robinhood-solana\\solana-api-toolkit\\packages\\core\\src\\http.ts": {"path":"C:\\Users\\samue\\OneDrive\\Documents\\Coding\\robinhood-solana\\solana-api-toolkit\\packages\\core\\src\\http.ts","statementMap":{"0":{"start":{"line":1,"column":0},"end":{"line":1,"column":92}},"1":{"start":{"line":2,"column":0},"end":{"line":2,"column":29}},"2":{"start":{"line":4,"column":0},"end":{"line":4,"column":null}},"3":{"start":{"line":17,"column":12},"end":{"line":17,"column":50}},"4":{"start":{"line":20,"column":8},"end":{"line":24,"column":10}},"5":{"start":{"line":26,"column":8},"end":{"line":33,"column":11}},"6":{"start":{"line":44,"column":8},"end":{"line":46,"column":9}},"7":{"start":{"line":45,"column":12},"end":{"line":45,"column":75}},"8":{"start":{"line":48,"column":29},"end":{"line":53,"column":10}},"9":{"start":{"line":51,"column":16},"end":{"line":51,"column":91}},"10":{"start":{"line":55,"column":8},"end":{"line":84,"column":9}},"11":{"start":{"line":56,"column":29},"end":{"line":71,"column":28}},"12":{"start":{"line":57,"column":16},"end":{"line":70,"column":17}},"13":{"start":{"line":58,"column":35},"end":{"line":62,"column":22}},"14":{"start":{"line":63,"column":20},"end":{"line":63,"column":56}},"15":{"start":{"line":64,"column":20},"end":{"line":64,"column":39}},"16":{"start":{"line":66,"column":20},"end":{"line":68,"column":21}},"17":{"start":{"line":67,"column":24},"end":{"line":67,"column":63}},"18":{"start":{"line":69,"column":20},"end":{"line":69,"column":32}},"19":{"start":{"line":73,"column":12},"end":{"line":73,"column":28}},"20":{"start":{"line":75,"column":12},"end":{"line":77,"column":13}},"21":{"start":{"line":76,"column":16},"end":{"line":76,"column":82}},"22":{"start":{"line":78,"column":12},"end":{"line":80,"column":13}},"23":{"start":{"line":79,"column":16},"end":{"line":79,"column":55}},"24":{"start":{"line":82,"column":33},"end":{"line":82,"column":87}},"25":{"start":{"line":83,"column":12},"end":{"line":83,"column":83}},"26":{"start":{"line":91,"column":23},"end":{"line":91,"column":45}},"27":{"start":{"line":93,"column":8},"end":{"line":96,"column":9}},"28":{"start":{"line":94,"column":31},"end":{"line":94,"column":90}},"29":{"start":{"line":95,"column":12},"end":{"line":95,"column":59}},"30":{"start":{"line":98,"column":8},"end":{"line":100,"column":9}},"31":{"start":{"line":99,"column":12},"end":{"line":99,"column":52}},"32":{"start":{"line":102,"column":8},"end":{"line":104,"column":9}},"33":{"start":{"line":103,"column":12},"end":{"line":103,"column":58}},"34":{"start":{"line":106,"column":8},"end":{"line":110,"column":10}},"35":{"start":{"line":145,"column":8},"end":{"line":148,"column":11}},"36":{"start":{"line":14,"column":0},"end":{"line":14,"column":13}},"37":{"start":{"line":158,"column":16},"end":{"line":158,"column":36}},"38":{"start":{"line":159,"column":16},"end":{"line":159,"column":39}},"39":{"start":{"line":153,"column":12},"end":{"line":153,"column":33}},"40":{"start":{"line":154,"column":12},"end":{"line":154,"column":40}},"41":{"start":{"line":155,"column":12},"end":{"line":155,"column":36}},"42":{"start":{"line":163,"column":8},"end":{"line":163,"column":26}},"43":{"start":{"line":164,"column":8},"end":{"line":164,"column":28}},"44":{"start":{"line":168,"column":8},"end":{"line":168,"column":24}},"45":{"start":{"line":169,"column":8},"end":{"line":169,"column":42}},"46":{"start":{"line":171,"column":8},"end":{"line":173,"column":9}},"47":{"start":{"line":172,"column":12},"end":{"line":172,"column":31}},"48":{"start":{"line":175,"column":8},"end":{"line":175,"column":27}},"49":{"start":{"line":179,"column":8},"end":{"line":179,"column":38}},"50":{"start":{"line":179,"column":26},"end":{"line":179,"column":38}},"51":{"start":{"line":182,"column":8},"end":{"line":185,"column":9}},"52":{"start":{"line":183,"column":12},"end":{"line":183,"column":32}},"53":{"start":{"line":184,"column":12},"end":{"line":184,"column":24}},"54":{"start":{"line":187,"column":8},"end":{"line":187,"column":21}},"55":{"start":{"line":152,"column":0},"end":{"line":152,"column":13}}},"fnMap":{"0":{"name":"(anonymous_1)","decl":{"start":{"line":19,"column":4},"end":{"line":19,"column":16}},"loc":{"start":{"line":19,"column":39},"end":{"line":34,"column":5}}},"1":{"name":"(anonymous_2)","decl":{"start":{"line":39,"column":14},"end":{"line":39,"column":19}},"loc":{"start":{"line":42,"column":40},"end":{"line":85,"column":5}}},"2":{"name":"(anonymous_3)","decl":{"start":{"line":50,"column":21},"end":{"line":50,"column":22}},"loc":{"start":{"line":50,"column":55},"end":{"line":52,"column":13}}},"3":{"name":"(anonymous_4)","decl":{"start":{"line":56,"column":42},"end":{"line":56,"column":47}},"loc":{"start":{"line":56,"column":53},"end":{"line":71,"column":13}}},"4":{"name":"(anonymous_5)","decl":{"start":{"line":90,"column":12},"end":{"line":90,"column":28}},"loc":{"start":{"line":90,"column":64},"end":{"line":111,"column":5}}},"5":{"name":"(anonymous_6)","decl":{"start":{"line":144,"column":14},"end":{"line":144,"column":17}},"loc":{"start":{"line":144,"column":101},"end":{"line":149,"column":5}}},"6":{"name":"(anonymous_7)","decl":{"start":{"line":157,"column":4},"end":{"line":157,"column":null}},"loc":{"start":{"line":159,"column":44},"end":{"line":160,"column":9}}},"7":{"name":"(anonymous_8)","decl":{"start":{"line":162,"column":4},"end":{"line":162,"column":17}},"loc":{"start":{"line":162,"column":17},"end":{"line":165,"column":5}}},"8":{"name":"(anonymous_9)","decl":{"start":{"line":167,"column":4},"end":{"line":167,"column":17}},"loc":{"start":{"line":167,"column":17},"end":{"line":176,"column":5}}},"9":{"name":"(anonymous_10)","decl":{"start":{"line":178,"column":4},"end":{"line":178,"column":14}},"loc":{"start":{"line":178,"column":14},"end":{"line":188,"column":5}}}},"branchMap":{"0":{"loc":{"start":{"line":31,"column":20},"end":{"line":31,"column":93}},"type":"binary-expr","locations":[{"start":{"line":31,"column":20},"end":{"line":31,"column":38}},{"start":{"line":31,"column":42},"end":{"line":31,"column":93}}]},"1":{"loc":{"start":{"line":42,"column":8},"end":{"line":42,"column":40}},"type":"default-arg","locations":[{"start":{"line":42,"column":38},"end":{"line":42,"column":40}}]},"2":{"loc":{"start":{"line":44,"column":8},"end":{"line":46,"column":9}},"type":"if","locations":[{"start":{"line":44,"column":8},"end":{"line":46,"column":9}}]},"3":{"loc":{"start":{"line":66,"column":20},"end":{"line":68,"column":21}},"type":"if","locations":[{"start":{"line":66,"column":20},"end":{"line":68,"column":21}}]},"4":{"loc":{"start":{"line":75,"column":12},"end":{"line":77,"column":13}},"type":"if","locations":[{"start":{"line":75,"column":12},"end":{"line":77,"column":13}}]},"5":{"loc":{"start":{"line":78,"column":12},"end":{"line":80,"column":13}},"type":"if","locations":[{"start":{"line":78,"column":12},"end":{"line":80,"column":13}}]},"6":{"loc":{"start":{"line":82,"column":33},"end":{"line":82,"column":87}},"type":"cond-expr","locations":[{"start":{"line":82,"column":58},"end":{"line":82,"column":71}},{"start":{"line":82,"column":74},"end":{"line":82,"column":87}}]},"7":{"loc":{"start":{"line":93,"column":8},"end":{"line":96,"column":9}},"type":"if","locations":[{"start":{"line":93,"column":8},"end":{"line":96,"column":9}}]},"8":{"loc":{"start":{"line":94,"column":40},"end":{"line":94,"column":85}},"type":"binary-expr","locations":[{"start":{"line":94,"column":40},"end":{"line":94,"column":78}},{"start":{"line":94,"column":82},"end":{"line":94,"column":85}}]},"9":{"loc":{"start":{"line":98,"column":8},"end":{"line":100,"column":9}},"type":"if","locations":[{"start":{"line":98,"column":8},"end":{"line":100,"column":9}}]},"10":{"loc":{"start":{"line":98,"column":12},"end":{"line":98,"column":44}},"type":"binary-expr","locations":[{"start":{"line":98,"column":12},"end":{"line":98,"column":26}},{"start":{"line":98,"column":30},"end":{"line":98,"column":44}}]},"11":{"loc":{"start":{"line":102,"column":8},"end":{"line":104,"column":9}},"type":"if","locations":[{"start":{"line":102,"column":8},"end":{"line":104,"column":9}}]},"12":{"loc":{"start":{"line":107,"column":13},"end":{"line":107,"column":103}},"type":"binary-expr","locations":[{"start":{"line":107,"column":13},"end":{"line":107,"column":67}},{"start":{"line":107,"column":71},"end":{"line":107,"column":84}},{"start":{"line":107,"column":88},"end":{"line":107,"column":103}}]},"13":{"loc":{"start":{"line":147,"column":21},"end":{"line":147,"column":57}},"type":"cond-expr","locations":[{"start":{"line":147,"column":31},"end":{"line":147,"column":45}},{"start":{"line":147,"column":48},"end":{"line":147,"column":57}}]},"14":{"loc":{"start":{"line":158,"column":16},"end":{"line":158,"column":37}},"type":"default-arg","locations":[{"start":{"line":158,"column":36},"end":{"line":158,"column":37}}]},"15":{"loc":{"start":{"line":159,"column":16},"end":{"line":159,"column":44}},"type":"default-arg","locations":[{"start":{"line":159,"column":39},"end":{"line":159,"column":44}}]},"16":{"loc":{"start":{"line":171,"column":8},"end":{"line":173,"column":9}},"type":"if","locations":[{"start":{"line":171,"column":8},"end":{"line":173,"column":9}}]},"17":{"loc":{"start":{"line":179,"column":8},"end":{"line":179,"column":38}},"type":"if","locations":[{"start":{"line":179,"column":8},"end":{"line":179,"column":38}}]},"18":{"loc":{"start":{"line":182,"column":8},"end":{"line":185,"column":9}},"type":"if","locations":[{"start":{"line":182,"column":8},"end":{"line":185,"column":9}}]}},"s":{"0":0,"1":0,"2":0,"3":0,"4":0,"5":0,"6":0,"7":0,"8":0,"9":0,"10":0,"11":0,"12":0,"13":0,"14":0,"15":0,"16":0,"17":0,"18":0,"19":0,"20":0,"21":0,"22":0,"23":0,"24":0,"25":0,"26":0,"27":0,"28":0,"29":0,"30":0,"31":0,"32":0,"33":0,"34":0,"35":0,"36":0,"37":0,"38":0,"39":0,"40":0,"41":0,"42":0,"43":0,"44":0,"45":0,"46":0,"47":0,"48":0,"49":0,"50":0,"51":0,"52":0,"53":0,"54":0,"55":0},"f":{"0":0,"1":0,"2":0,"3":0,"4":0,"5":0,"6":0,"7":0,"8":0,"9":0},"b":{"0":[0,0],"1":[0],"2":[0],"3":[0],"4":[0],"5":[0],"6":[0,0],"7":[0],"8":[0,0],"9":[0],"10":[0,0],"11":[0],"12":[0,0,0],"13":[0,0],"14":[0],"15":[0],"16":[0],"17":[0],"18":[0]}}
,"C:\\Users\\samue\\OneDrive\\Documents\\Coding\\robinhood-solana\\solana-api-toolkit\\packages\\core\\src\\utils.ts": {"path":"C:\\Users\\samue\\OneDrive\\Documents\\Coding\\robinhood-solana\\solana-api-toolkit\\packages\\core\\src\\utils.ts","statementMap":{"0":{"start":{"line":6,"column":0},"end":{"line":6,"column":16}},"1":{"start":{"line":64,"column":0},"end":{"line":64,"column":16}},"2":{"start":{"line":74,"column":0},"end":{"line":74,"column":16}},"3":{"start":{"line":81,"column":0},"end":{"line":81,"column":16}},"4":{"start":{"line":88,"column":0},"end":{"line":88,"column":16}},"5":{"start":{"line":1,"column":0},"end":{"line":1,"column":44}},"6":{"start":{"line":7,"column":4},"end":{"line":12,"column":5}},"7":{"start":{"line":8,"column":8},"end":{"line":8,"column":31}},"8":{"start":{"line":9,"column":8},"end":{"line":9,"column":20}},"9":{"start":{"line":11,"column":8},"end":{"line":11,"column":21}},"10":{"start":{"line":19,"column":12},"end":{"line":19,"column":73}},"11":{"start":{"line":25,"column":21},"end":{"line":25,"column":40}},"12":{"start":{"line":26,"column":8},"end":{"line":26,"column":36}},"13":{"start":{"line":26,"column":19},"end":{"line":26,"column":36}},"14":{"start":{"line":28,"column":8},"end":{"line":31,"column":9}},"15":{"start":{"line":29,"column":12},"end":{"line":29,"column":35}},"16":{"start":{"line":30,"column":12},"end":{"line":30,"column":29}},"17":{"start":{"line":33,"column":8},"end":{"line":33,"column":26}},"18":{"start":{"line":40,"column":8},"end":{"line":43,"column":11}},"19":{"start":{"line":50,"column":8},"end":{"line":50,"column":31}},"20":{"start":{"line":57,"column":8},"end":{"line":57,"column":27}},"21":{"start":{"line":18,"column":0},"end":{"line":18,"column":13}},"22":{"start":{"line":65,"column":4},"end":{"line":68,"column":7}},"23":{"start":{"line":75,"column":4},"end":{"line":75,"column":34}},"24":{"start":{"line":82,"column":4},"end":{"line":82,"column":51}},"25":{"start":{"line":89,"column":4},"end":{"line":89,"column":56}}},"fnMap":{"0":{"name":"isValidSolanaAddress","decl":{"start":{"line":6,"column":16},"end":{"line":6,"column":36}},"loc":{"start":{"line":6,"column":52},"end":{"line":13,"column":1}}},"1":{"name":"(anonymous_1)","decl":{"start":{"line":18,"column":0},"end":{"line":18,"column":13}},"loc":{"start":{"line":18,"column":0},"end":{"line":59,"column":1}}},"2":{"name":"(anonymous_2)","decl":{"start":{"line":24,"column":4},"end":{"line":24,"column":7}},"loc":{"start":{"line":24,"column":19},"end":{"line":34,"column":5}}},"3":{"name":"(anonymous_3)","decl":{"start":{"line":39,"column":4},"end":{"line":39,"column":7}},"loc":{"start":{"line":39,"column":44},"end":{"line":44,"column":5}}},"4":{"name":"(anonymous_4)","decl":{"start":{"line":49,"column":4},"end":{"line":49,"column":10}},"loc":{"start":{"line":49,"column":22},"end":{"line":51,"column":5}}},"5":{"name":"(anonymous_5)","decl":{"start":{"line":56,"column":4},"end":{"line":56,"column":9}},"loc":{"start":{"line":56,"column":9},"end":{"line":58,"column":5}}},"6":{"name":"formatNumber","decl":{"start":{"line":64,"column":16},"end":{"line":64,"column":28}},"loc":{"start":{"line":64,"column":62},"end":{"line":69,"column":1}}},"7":{"name":"lamportsToSol","decl":{"start":{"line":74,"column":16},"end":{"line":74,"column":29}},"loc":{"start":{"line":74,"column":55},"end":{"line":76,"column":1}}},"8":{"name":"tokenAmountToUiAmount","decl":{"start":{"line":81,"column":16},"end":{"line":81,"column":37}},"loc":{"start":{"line":81,"column":79},"end":{"line":83,"column":1}}},"9":{"name":"uiAmountToTokenAmount","decl":{"start":{"line":88,"column":16},"end":{"line":88,"column":37}},"loc":{"start":{"line":88,"column":70},"end":{"line":90,"column":1}}}},"branchMap":{"0":{"loc":{"start":{"line":26,"column":8},"end":{"line":26,"column":36}},"type":"if","locations":[{"start":{"line":26,"column":8},"end":{"line":26,"column":36}}]},"1":{"loc":{"start":{"line":28,"column":8},"end":{"line":31,"column":9}},"type":"if","locations":[{"start":{"line":28,"column":8},"end":{"line":31,"column":9}}]},"2":{"loc":{"start":{"line":64,"column":42},"end":{"line":64,"column":62}},"type":"default-arg","locations":[{"start":{"line":64,"column":61},"end":{"line":64,"column":62}}]}},"s":{"0":2,"1":2,"2":2,"3":2,"4":2,"5":2,"6":7,"7":7,"8":4,"9":3,"10":10,"11":278,"12":278,"13":132,"14":146,"15":5,"16":5,"17":141,"18":112,"19":26,"20":2,"21":2,"22":7,"23":6,"24":8,"25":6},"f":{"0":7,"1":10,"2":278,"3":112,"4":26,"5":2,"6":7,"7":6,"8":8,"9":6},"b":{"0":[132],"1":[5],"2":[3]}}
}
