TN:
SF:src\errors.ts
FN:5,(anonymous_0)
FN:18,(anonymous_1)
FN:32,(anonymous_2)
FN:43,(anonymous_3)
FN:53,(anonymous_4)
FN:65,(anonymous_5)
FNF:6
FNH:6
FNDA:9,(anonymous_0)
FNDA:6,(anonymous_1)
FNDA:2,(anonymous_2)
FNDA:1,(anonymous_3)
FNDA:1,(anonymous_4)
FNDA:2,(anonymous_5)
DA:4,1
DA:6,9
DA:7,9
DA:14,1
DA:19,6
DA:20,6
DA:21,6
DA:22,6
DA:29,1
DA:33,2
DA:34,2
DA:35,2
DA:42,1
DA:44,1
DA:45,1
DA:52,1
DA:54,1
DA:55,1
DA:62,1
DA:66,2
DA:67,2
DA:68,2
LF:22
LH:22
BRDA:66,0,0,1
BRDA:66,0,1,1
BRF:2
BRH:2
end_of_record
TN:
SF:src\http.ts
FN:19,(anonymous_1)
FN:39,(anonymous_2)
FN:50,(anonymous_3)
FN:56,(anonymous_4)
FN:90,(anonymous_5)
FN:144,(anonymous_6)
FN:157,(anonymous_7)
FN:162,(anonymous_8)
FN:167,(anonymous_9)
FN:178,(anonymous_10)
FNF:10
FNH:0
FNDA:0,(anonymous_1)
FNDA:0,(anonymous_2)
FNDA:0,(anonymous_3)
FNDA:0,(anonymous_4)
FNDA:0,(anonymous_5)
FNDA:0,(anonymous_6)
FNDA:0,(anonymous_7)
FNDA:0,(anonymous_8)
FNDA:0,(anonymous_9)
FNDA:0,(anonymous_10)
DA:1,0
DA:2,0
DA:4,0
DA:14,0
DA:17,0
DA:20,0
DA:26,0
DA:44,0
DA:45,0
DA:48,0
DA:51,0
DA:55,0
DA:56,0
DA:57,0
DA:58,0
DA:63,0
DA:64,0
DA:66,0
DA:67,0
DA:69,0
DA:73,0
DA:75,0
DA:76,0
DA:78,0
DA:79,0
DA:82,0
DA:83,0
DA:91,0
DA:93,0
DA:94,0
DA:95,0
DA:98,0
DA:99,0
DA:102,0
DA:103,0
DA:106,0
DA:145,0
DA:152,0
DA:153,0
DA:154,0
DA:155,0
DA:158,0
DA:159,0
DA:163,0
DA:164,0
DA:168,0
DA:169,0
DA:171,0
DA:172,0
DA:175,0
DA:179,0
DA:182,0
DA:183,0
DA:184,0
DA:187,0
LF:55
LH:0
BRDA:31,0,0,0
BRDA:31,0,1,0
BRDA:42,1,0,0
BRDA:44,2,0,0
BRDA:66,3,0,0
BRDA:75,4,0,0
BRDA:78,5,0,0
BRDA:82,6,0,0
BRDA:82,6,1,0
BRDA:93,7,0,0
BRDA:94,8,0,0
BRDA:94,8,1,0
BRDA:98,9,0,0
BRDA:98,10,0,0
BRDA:98,10,1,0
BRDA:102,11,0,0
BRDA:107,12,0,0
BRDA:107,12,1,0
BRDA:107,12,2,0
BRDA:147,13,0,0
BRDA:147,13,1,0
BRDA:158,14,0,0
BRDA:159,15,0,0
BRDA:171,16,0,0
BRDA:179,17,0,0
BRDA:182,18,0,0
BRF:26
BRH:0
end_of_record
TN:
SF:src\utils.ts
FN:6,isValidSolanaAddress
FN:18,(anonymous_1)
FN:24,(anonymous_2)
FN:39,(anonymous_3)
FN:49,(anonymous_4)
FN:56,(anonymous_5)
FN:64,formatNumber
FN:74,lamportsToSol
FN:81,tokenAmountToUiAmount
FN:88,uiAmountToTokenAmount
FNF:10
FNH:10
FNDA:7,isValidSolanaAddress
FNDA:10,(anonymous_1)
FNDA:278,(anonymous_2)
FNDA:112,(anonymous_3)
FNDA:26,(anonymous_4)
FNDA:2,(anonymous_5)
FNDA:7,formatNumber
FNDA:6,lamportsToSol
FNDA:8,tokenAmountToUiAmount
FNDA:6,uiAmountToTokenAmount
DA:1,2
DA:6,2
DA:7,7
DA:8,7
DA:9,4
DA:11,3
DA:18,2
DA:19,10
DA:25,278
DA:26,278
DA:28,146
DA:29,5
DA:30,5
DA:33,141
DA:40,112
DA:50,26
DA:57,2
DA:64,2
DA:65,7
DA:74,2
DA:75,6
DA:81,2
DA:82,8
DA:88,2
DA:89,6
LF:25
LH:25
BRDA:26,0,0,132
BRDA:28,1,0,5
BRDA:64,2,0,3
BRF:3
BRH:3
end_of_record
