TN:
SF:src\errors.ts
FN:5,(anonymous_0)
FN:18,(anonymous_1)
FN:32,(anonymous_2)
FN:43,(anonymous_3)
FN:53,(anonymous_4)
FN:65,(anonymous_5)
FNF:6
FNH:6
FNDA:16,(anonymous_0)
FNDA:13,(anonymous_1)
FNDA:3,(anonymous_2)
FNDA:2,(anonymous_3)
FNDA:2,(anonymous_4)
FNDA:2,(anonymous_5)
DA:4,3
DA:6,16
DA:7,16
DA:14,3
DA:19,13
DA:20,13
DA:21,13
DA:22,13
DA:29,3
DA:33,3
DA:34,3
DA:35,3
DA:42,3
DA:44,2
DA:45,2
DA:52,3
DA:54,2
DA:55,2
DA:62,3
DA:66,2
DA:67,2
DA:68,2
LF:22
LH:22
BRDA:66,0,0,1
BRDA:66,0,1,1
BRF:2
BRH:2
end_of_record
TN:
SF:src\http.ts
FN:19,(anonymous_1)
FN:39,(anonymous_2)
FN:50,(anonymous_3)
FN:56,(anonymous_4)
FN:90,(anonymous_5)
FN:144,(anonymous_6)
FN:157,(anonymous_7)
FN:162,(anonymous_8)
FN:167,(anonymous_9)
FN:178,(anonymous_10)
FNF:10
FNH:9
FNDA:10,(anonymous_1)
FNDA:4,(anonymous_2)
FNDA:0,(anonymous_3)
FNDA:3,(anonymous_4)
FNDA:6,(anonymous_5)
FNDA:4,(anonymous_6)
FNDA:14,(anonymous_7)
FNDA:3,(anonymous_8)
FNDA:15,(anonymous_9)
FNDA:9,(anonymous_10)
DA:1,2
DA:2,2
DA:4,2
DA:14,2
DA:17,10
DA:20,10
DA:26,10
DA:44,4
DA:45,1
DA:48,3
DA:51,0
DA:55,3
DA:56,3
DA:57,3
DA:58,3
DA:63,2
DA:64,2
DA:66,1
DA:67,1
DA:69,0
DA:73,2
DA:75,1
DA:76,0
DA:78,1
DA:79,1
DA:82,0
DA:83,0
DA:91,6
DA:93,6
DA:94,1
DA:95,1
DA:98,5
DA:99,1
DA:102,4
DA:103,1
DA:106,3
DA:145,4
DA:152,2
DA:153,14
DA:154,14
DA:155,14
DA:158,14
DA:159,14
DA:163,3
DA:164,3
DA:168,15
DA:169,15
DA:171,15
DA:172,3
DA:175,15
DA:179,9
DA:182,4
DA:183,1
DA:184,1
DA:187,3
LF:55
LH:50
BRDA:31,0,0,10
BRDA:31,0,1,10
BRDA:42,1,0,0
BRDA:44,2,0,1
BRDA:66,3,0,1
BRDA:75,4,0,0
BRDA:78,5,0,1
BRDA:82,6,0,0
BRDA:82,6,1,0
BRDA:93,7,0,1
BRDA:94,8,0,1
BRDA:94,8,1,0
BRDA:98,9,0,1
BRDA:98,10,0,5
BRDA:98,10,1,4
BRDA:102,11,0,1
BRDA:107,12,0,3
BRDA:107,12,1,2
BRDA:107,12,2,0
BRDA:147,13,0,1
BRDA:147,13,1,3
BRDA:158,14,0,10
BRDA:159,15,0,10
BRDA:171,16,0,3
BRDA:179,17,0,5
BRDA:182,18,0,1
BRF:26
BRH:20
end_of_record
TN:
SF:src\utils.ts
FN:6,isValidSolanaAddress
FN:18,(anonymous_1)
FN:24,(anonymous_2)
FN:39,(anonymous_3)
FN:49,(anonymous_4)
FN:56,(anonymous_5)
FN:64,formatNumber
FN:74,lamportsToSol
FN:81,tokenAmountToUiAmount
FN:88,uiAmountToTokenAmount
FNF:10
FNH:10
FNDA:6,isValidSolanaAddress
FNDA:11,(anonymous_1)
FNDA:18,(anonymous_2)
FNDA:11,(anonymous_3)
FNDA:2,(anonymous_4)
FNDA:2,(anonymous_5)
FNDA:7,formatNumber
FNDA:6,lamportsToSol
FNDA:8,tokenAmountToUiAmount
FNDA:6,uiAmountToTokenAmount
DA:1,2
DA:6,2
DA:7,6
DA:8,6
DA:9,3
DA:11,3
DA:18,2
DA:19,11
DA:25,18
DA:26,18
DA:28,10
DA:29,2
DA:30,2
DA:33,8
DA:40,11
DA:50,2
DA:57,2
DA:64,2
DA:65,7
DA:74,2
DA:75,6
DA:81,2
DA:82,8
DA:88,2
DA:89,6
LF:25
LH:25
BRDA:26,0,0,8
BRDA:28,1,0,2
BRDA:64,2,0,3
BRF:3
BRH:3
end_of_record
